<?xml version="1.0" encoding="UTF-8"?>
<!-- Generated by org.testng.reporters.JUnitXMLReporter -->
<testsuite hostname="evs01cpb424" name="Default test" tests="56" failures="0" timestamp="9 Jun 2017 07:58:46 GMT" time="26.119" errors="0">
  <testcase name="testlogin" time="0.005" classname="testcases.HybridExecuteTest">
    <skipped/>
  </testcase> <!-- testlogin -->
  <testcase name="testlogin" time="0.001" classname="testcases.HybridExecuteTest">
    <skipped/>
  </testcase> <!-- testlogin -->
  <testcase name="testlogin" time="0.0" classname="testcases.HybridExecuteTest">
    <skipped/>
  </testcase> <!-- testlogin -->
  <testcase name="testlogin" time="0.001" classname="testcases.HybridExecuteTest">
    <skipped/>
  </testcase> <!-- testlogin -->
  <testcase name="testlogin" time="0.001" classname="testcases.HybridExecuteTest">
    <skipped/>
  </testcase> <!-- testlogin -->
  <testcase name="testlogin" time="0.001" classname="testcases.HybridExecuteTest">
    <skipped/>
  </testcase> <!-- testlogin -->
  <testcase name="testlogin" time="0.001" classname="testcases.HybridExecuteTest">
    <skipped/>
  </testcase> <!-- testlogin -->
  <testcase name="testlogin" time="0.001" classname="testcases.HybridExecuteTest">
    <skipped/>
  </testcase> <!-- testlogin -->
  <testcase name="testlogin" time="0.001" classname="testcases.HybridExecuteTest">
    <skipped/>
  </testcase> <!-- testlogin -->
  <testcase name="testlogin" time="0.001" classname="testcases.HybridExecuteTest">
    <skipped/>
  </testcase> <!-- testlogin -->
  <testcase name="testlogin" time="0.001" classname="testcases.HybridExecuteTest">
    <skipped/>
  </testcase> <!-- testlogin -->
  <testcase name="testlogin" time="0.001" classname="testcases.HybridExecuteTest">
    <skipped/>
  </testcase> <!-- testlogin -->
  <testcase name="testlogin" time="0.0" classname="testcases.HybridExecuteTest">
    <skipped/>
  </testcase> <!-- testlogin -->
  <testcase name="testlogin" time="0.0" classname="testcases.HybridExecuteTest">
    <skipped/>
  </testcase> <!-- testlogin -->
  <testcase name="testlogin" time="0.0" classname="testcases.HybridExecuteTest">
    <skipped/>
  </testcase> <!-- testlogin -->
  <testcase name="testlogin" time="4.204" classname="testcases.HybridExecuteTest"/>
  <testcase name="testlogin" time="1.756" classname="testcases.HybridExecuteTest"/>
  <testcase name="testlogin" time="0.079" classname="testcases.HybridExecuteTest"/>
  <testcase name="testlogin" time="0.043" classname="testcases.HybridExecuteTest"/>
  <testcase name="testlogin" time="0.344" classname="testcases.HybridExecuteTest"/>
  <testcase name="testlogin" time="0.013" classname="testcases.HybridExecuteTest"/>
  <testcase name="testlogin" time="1.618" classname="testcases.HybridExecuteTest"/>
  <testcase name="testlogin" time="2.001" classname="testcases.HybridExecuteTest"/>
  <testcase name="testlogin" time="0.097" classname="testcases.HybridExecuteTest"/>
  <testcase name="testlogin" time="2.001" classname="testcases.HybridExecuteTest"/>
  <testcase name="testlogin" time="0.109" classname="testcases.HybridExecuteTest"/>
  <testcase name="testlogin" time="2.0" classname="testcases.HybridExecuteTest"/>
  <testcase name="testlogin" time="0.072" classname="testcases.HybridExecuteTest"/>
  <testcase name="testlogin" time="2.0" classname="testcases.HybridExecuteTest"/>
  <testcase name="testlogin" time="0.06" classname="testcases.HybridExecuteTest"/>
  <testcase name="testlogin" time="1.0" classname="testcases.HybridExecuteTest"/>
  <testcase name="testlogin" time="0.041" classname="testcases.HybridExecuteTest"/>
  <testcase name="testlogin" time="0.006" classname="testcases.HybridExecuteTest"/>
  <testcase name="testlogin" time="1.0" classname="testcases.HybridExecuteTest"/>
  <testcase name="testlogin" time="0.077" classname="testcases.HybridExecuteTest"/>
  <testcase name="testlogin" time="2.0" classname="testcases.HybridExecuteTest"/>
  <testcase name="testlogin" time="0.039" classname="testcases.HybridExecuteTest"/>
  <testcase name="testlogin" time="3.0" classname="testcases.HybridExecuteTest"/>
  <testcase name="testlogin" time="0.001" classname="testcases.HybridExecuteTest">
    <skipped/>
  </testcase> <!-- testlogin -->
  <testcase name="testlogin" time="0.001" classname="testcases.HybridExecuteTest">
    <skipped/>
  </testcase> <!-- testlogin -->
  <testcase name="testlogin" time="0.001" classname="testcases.HybridExecuteTest">
    <skipped/>
  </testcase> <!-- testlogin -->
  <testcase name="testlogin" time="2.002" classname="testcases.HybridExecuteTest"/>
  <testcase name="testlogin" time="0.07" classname="testcases.HybridExecuteTest"/>
  <testcase name="testlogin" time="0.0" classname="testcases.HybridExecuteTest">
    <skipped/>
  </testcase> <!-- testlogin -->
  <testcase name="testlogin" time="0.0" classname="testcases.HybridExecuteTest">
    <skipped/>
  </testcase> <!-- testlogin -->
  <testcase name="testlogin" time="0.0" classname="testcases.HybridExecuteTest">
    <skipped/>
  </testcase> <!-- testlogin -->
  <testcase name="testlogin" time="0.001" classname="testcases.HybridExecuteTest">
    <skipped/>
  </testcase> <!-- testlogin -->
  <testcase name="testlogin" time="0.0" classname="testcases.HybridExecuteTest">
    <skipped/>
  </testcase> <!-- testlogin -->
  <testcase name="testlogin" time="0.0" classname="testcases.HybridExecuteTest">
    <skipped/>
  </testcase> <!-- testlogin -->
  <testcase name="testlogin" time="0.0" classname="testcases.HybridExecuteTest">
    <skipped/>
  </testcase> <!-- testlogin -->
  <testcase name="testlogin" time="0.0" classname="testcases.HybridExecuteTest">
    <skipped/>
  </testcase> <!-- testlogin -->
  <testcase name="testlogin" time="0.0" classname="testcases.HybridExecuteTest">
    <skipped/>
  </testcase> <!-- testlogin -->
  <testcase name="testlogin" time="0.001" classname="testcases.HybridExecuteTest">
    <skipped/>
  </testcase> <!-- testlogin -->
  <testcase name="testlogin" time="0.0" classname="testcases.HybridExecuteTest">
    <skipped/>
  </testcase> <!-- testlogin -->
  <testcase name="testlogin" time="0.001" classname="testcases.HybridExecuteTest">
    <skipped/>
  </testcase> <!-- testlogin -->
  <testcase name="testlogin" time="0.0" classname="testcases.HybridExecuteTest">
    <skipped/>
  </testcase> <!-- testlogin -->
</testsuite> <!-- Default test -->
